{"g":""}
{"g":""}
{"g":""}
{"g":""}
{"g":""}
{"g":""}
{"g":""}
{"g":""}
{"g":""}
{"g":""}
{"g":""}
{"g":""}
{"g":""}
{"g":""}
{"g":""}
{"g":""}
{"g":""}
{"g":""}
{"g":""}
{"g":""}
{"g":""}
{"g":""}
{"g":""}
{"g":"6566"}
{"g":"6566","":""}
{"g":"6566","count":""}
{"g":"6566","count":""}
{"g":"6566","count":"6"}
{"g":"6566","count":"6"}
{"g":"6566","count":"6"}
{"g":"6566","count":"6"}
{"foo":"6"}
{"foo":"6","count":""}
{"foo":"6","count":""}
{"foo":"6","count":""}
{"foo":"6","coun":""}
{"foo":"6","coun":""}
{"foo":"6","count":"2"}
{"foo":"6","count":"r"}
{"foo":"6","count":"65"}
{"foo":"6","count":"65"}
{"foo":"6","count":"65p"}
{"foo":"6","coun":""}
{"foo":""}
{"foo":""}
{"foo":""}
{"foo":"asd@c","count":"54r"}
{"foo":"asd@c","count":"54"}
{"foo":"6"}
{"foo":"6","Count":"23"}
{"foo":"6","count":"23"}
{"foo":"6"}
{"foo":"6"}
{"foo":"6"}
{"foo":"99"}
{"foo":"99"}
{"foo":"99"}
{"foo":"6"}
{"foo":"6jhkh"}
{"foo":"99"}
{"foo":"6jhkh"}
{"foo":"6jhkh"}
{"foo":"99"}
{"foo":"99"}
{"foo":"99"}
{"foo":"6jhkh"}
{"foo":"99"}
{"foo":"99"}
{"foo":"99"}
{"foo":"99"}
{"foo":"6jhkh"}
{"foo":"6jhkh"}
{"foo":"6jhkh"}
